<?xml version="1.0" encoding="UTF-8"?>
<!-- Generated by org.testng.reporters.JUnitReportReporter -->
<testsuite hostname="MX-IT-ANARUIZ4" failures="0" tests="3" name="Tests.FillFormTests" time="0.007" errors="0" timestamp="2025-03-21T12:31:08 CST" skipped="0">
  <testcase classname="Tests.FillFormTests" name="FillFormSteps" time="0.001"/>
  <testcase classname="Tests.FillFormTests" name="FillFormSteps" time="0.005"/>
  <testcase classname="Tests.FillFormTests" name="FillFormSteps" time="0.001"/>
</testsuite> <!-- Tests.FillFormTests -->
